<?xml version="1.0" encoding="UTF-8"?>
<testsuite name="spring.board.BoardApplicationTests" tests="1" skipped="0" failures="0" errors="0" timestamp="2024-09-22T14:10:16" hostname="ijiwon-ui-noteubug.local" time="0.276">
  <properties/>
  <testcase name="contextLoads()" classname="spring.board.BoardApplicationTests" time="0.276"/>
  <system-out><![CDATA[23:10:13.710 [Test worker] INFO org.springframework.test.context.support.AnnotationConfigContextLoaderUtils -- Could not detect default configuration classes for test class [spring.board.BoardApplicationTests]: BoardApplicationTests does not declare any static, non-private, non-final, nested classes annotated with @Configuration.
23:10:13.762 [Test worker] INFO org.springframework.boot.test.context.SpringBootTestContextBootstrapper -- Found @SpringBootConfiguration spring.board.BoardApplication for test class spring.board.BoardApplicationTests

  .   ____          _            __ _ _
 /\\ / ___'_ __ _ _(_)_ __  __ _ \ \ \ \
( ( )\___ | '_ | '_| | '_ \/ _` | \ \ \ \
 \\/  ___)| |_)| | | | | || (_| |  ) ) ) )
  '  |____| .__|_| |_|_| |_\__, | / / / /
 =========|_|==============|___/=/_/_/_/

 :: Spring Boot ::                (v3.3.4)

2024-09-22T23:10:13.961+09:00  INFO 72938 --- [    Test worker] spring.board.BoardApplicationTests       : Starting BoardApplicationTests using Java 17.0.8 with PID 72938 (started by ijiwon in /Users/ijiwon/Documents/포트폴리오/kdt/board-project)
2024-09-22T23:10:13.961+09:00  INFO 72938 --- [    Test worker] spring.board.BoardApplicationTests       : No active profile set, falling back to 1 default profile: "default"
2024-09-22T23:10:14.339+09:00  INFO 72938 --- [    Test worker] .s.d.r.c.RepositoryConfigurationDelegate : Bootstrapping Spring Data JPA repositories in DEFAULT mode.
2024-09-22T23:10:14.372+09:00  INFO 72938 --- [    Test worker] .s.d.r.c.RepositoryConfigurationDelegate : Finished Spring Data repository scanning in 26 ms. Found 2 JPA repository interfaces.
2024-09-22T23:10:14.594+09:00  INFO 72938 --- [    Test worker] o.hibernate.jpa.internal.util.LogHelper  : HHH000204: Processing PersistenceUnitInfo [name: default]
2024-09-22T23:10:14.621+09:00  INFO 72938 --- [    Test worker] org.hibernate.Version                    : HHH000412: Hibernate ORM core version 6.5.3.Final
2024-09-22T23:10:14.639+09:00  INFO 72938 --- [    Test worker] o.h.c.internal.RegionFactoryInitiator    : HHH000026: Second-level cache disabled
2024-09-22T23:10:14.784+09:00  INFO 72938 --- [    Test worker] o.s.o.j.p.SpringPersistenceUnitInfo      : No LoadTimeWeaver setup: ignoring JPA class transformer
2024-09-22T23:10:14.799+09:00  INFO 72938 --- [    Test worker] com.zaxxer.hikari.HikariDataSource       : HikariPool-1 - Starting...
2024-09-22T23:10:14.845+09:00  INFO 72938 --- [    Test worker] com.zaxxer.hikari.pool.HikariPool        : HikariPool-1 - Added connection conn0: url=jdbc:h2:tcp://localhost/~/test user=SA
2024-09-22T23:10:14.845+09:00  INFO 72938 --- [    Test worker] com.zaxxer.hikari.HikariDataSource       : HikariPool-1 - Start completed.
2024-09-22T23:10:14.857+09:00  WARN 72938 --- [    Test worker] org.hibernate.orm.deprecation            : HHH90000025: H2Dialect does not need to be specified explicitly using 'hibernate.dialect' (remove the property setting and it will be selected by default)
2024-09-22T23:10:15.327+09:00  INFO 72938 --- [    Test worker] o.h.e.t.j.p.i.JtaPlatformInitiator       : HHH000489: No JTA platform available (set 'hibernate.transaction.jta.platform' to enable JTA platform integration)
2024-09-22T23:10:15.356+09:00  INFO 72938 --- [    Test worker] j.LocalContainerEntityManagerFactoryBean : Initialized JPA EntityManagerFactory for persistence unit 'default'
2024-09-22T23:10:15.590+09:00  WARN 72938 --- [    Test worker] JpaBaseConfiguration$JpaWebConfiguration : spring.jpa.open-in-view is enabled by default. Therefore, database queries may be performed during view rendering. Explicitly configure spring.jpa.open-in-view to disable this warning
2024-09-22T23:10:16.195+09:00  INFO 72938 --- [    Test worker] o.s.b.a.h2.H2ConsoleAutoConfiguration    : H2 console available at '/h2-console'. Database available at 'jdbc:h2:tcp://localhost/~/test'
2024-09-22T23:10:16.229+09:00  INFO 72938 --- [    Test worker] spring.board.BoardApplicationTests       : Started BoardApplicationTests in 2.396 seconds (process running for 2.903)
]]></system-out>
  <system-err><![CDATA[]]></system-err>
</testsuite>
